<?xml version="1.0" encoding="UTF-8"?>
<testsuite name="pytest" tests="3" failures="0" errors="1" time="1.500">
  <testcase name="test_login" classname="tests.test_auth" file="tests/test_auth.py" time="0.500"/>
  <testcase name="test_logout" classname="tests.test_auth" file="tests/test_auth.py" time="0.300"/>
  <testcase name="test_register" classname="tests.test_auth" file="tests/test_auth.py" time="0.700">
    <error message="connection refused" type="ConnectionError">ConnectionError: connection refused</error>
  </testcase>
</testsuite>
